<?xml version="1.0" encoding="UTF-8"?>
<!-- Generated by org.testng.reporters.JUnitXMLReporter -->
<testsuite ignored="0" hostname="MMB026280CPS" failures="0" tests="3" name="Command line test" time="68.503" errors="0" timestamp="2022-05-30T00:55:16 AMT">
  <testcase classname="BlankfactorTest" name="open_post_test" time="40.546"/>
  <testcase classname="BlankfactorTest" name="subscribe_to_newsletter_test" time="10.672"/>
  <testcase classname="BlankfactorTest" name="print_all_posts_and_links_test" time="5.289"/>
</testsuite> <!-- Command line test -->
