<?xml version="1.0" encoding="UTF-8"?>
<testng-results ignored="0" total="3" passed="3" failed="0" skipped="0">
  <reporter-output>
  </reporter-output>
  <suite started-at="2022-05-30T00:54:07 AMT" name="Command line suite" finished-at="2022-05-30T00:55:16 AMT" duration-ms="68503">
    <groups>
    </groups>
    <test started-at="2022-05-30T00:54:07 AMT" name="Command line test" finished-at="2022-05-30T00:55:16 AMT" duration-ms="68503">
      <class name="BlankfactorTest">
        <test-method is-config="true" signature="setUp()[pri:0, instance:BlankfactorTest@4f18837a]" started-at="2022-05-30T00:54:07 AMT" name="setUp" finished-at="2022-05-30T00:54:16 AMT" duration-ms="9113" status="PASS">
          <reporter-output>
          </reporter-output>
        </test-method> <!-- setUp -->
        <test-method signature="open_post_test()[pri:1, instance:BlankfactorTest@4f18837a]" started-at="2022-05-30T00:54:16 AMT" name="open_post_test" finished-at="2022-05-30T00:54:57 AMT" duration-ms="40546" status="PASS">
          <reporter-output>
          </reporter-output>
        </test-method> <!-- open_post_test -->
        <test-method is-config="true" signature="recordResults(org.testng.ITestResult)[pri:0, instance:BlankfactorTest@4f18837a]" started-at="2022-05-30T00:54:57 AMT" name="recordResults" finished-at="2022-05-30T00:54:58 AMT" duration-ms="1352" status="PASS">
          <params>
            <param index="0">
              <value>
                <![CDATA[[TestResult name=open_post_test status=SUCCESS method=BlankfactorTest.open_post_test()[pri:1, instance:BlankfactorTest@4f18837a] output={null}]]]>
              </value>
            </param>
          </params>
          <reporter-output>
          </reporter-output>
        </test-method> <!-- recordResults -->
        <test-method signature="subscribe_to_newsletter_test()[pri:2, instance:BlankfactorTest@4f18837a]" started-at="2022-05-30T00:54:58 AMT" name="subscribe_to_newsletter_test" finished-at="2022-05-30T00:55:09 AMT" duration-ms="10672" status="PASS">
          <reporter-output>
          </reporter-output>
        </test-method> <!-- subscribe_to_newsletter_test -->
        <test-method is-config="true" signature="recordResults(org.testng.ITestResult)[pri:0, instance:BlankfactorTest@4f18837a]" started-at="2022-05-30T00:55:09 AMT" name="recordResults" finished-at="2022-05-30T00:55:09 AMT" duration-ms="517" status="PASS">
          <params>
            <param index="0">
              <value>
                <![CDATA[[TestResult name=subscribe_to_newsletter_test status=SUCCESS method=BlankfactorTest.subscribe_to_newsletter_test()[pri:2, instance:BlankfactorTest@4f18837a] output={null}]]]>
              </value>
            </param>
          </params>
          <reporter-output>
          </reporter-output>
        </test-method> <!-- recordResults -->
        <test-method signature="print_all_posts_and_links_test()[pri:3, instance:BlankfactorTest@4f18837a]" started-at="2022-05-30T00:55:09 AMT" name="print_all_posts_and_links_test" finished-at="2022-05-30T00:55:15 AMT" duration-ms="5289" status="PASS">
          <reporter-output>
          </reporter-output>
        </test-method> <!-- print_all_posts_and_links_test -->
        <test-method is-config="true" signature="recordResults(org.testng.ITestResult)[pri:0, instance:BlankfactorTest@4f18837a]" started-at="2022-05-30T00:55:15 AMT" name="recordResults" finished-at="2022-05-30T00:55:15 AMT" duration-ms="751" status="PASS">
          <params>
            <param index="0">
              <value>
                <![CDATA[[TestResult name=print_all_posts_and_links_test status=SUCCESS method=BlankfactorTest.print_all_posts_and_links_test()[pri:3, instance:BlankfactorTest@4f18837a] output={null}]]]>
              </value>
            </param>
          </params>
          <reporter-output>
          </reporter-output>
        </test-method> <!-- recordResults -->
        <test-method is-config="true" signature="tearDown()[pri:0, instance:BlankfactorTest@4f18837a]" started-at="2022-05-30T00:55:15 AMT" name="tearDown" finished-at="2022-05-30T00:55:16 AMT" duration-ms="241" status="PASS">
          <reporter-output>
          </reporter-output>
        </test-method> <!-- tearDown -->
      </class> <!-- BlankfactorTest -->
    </test> <!-- Command line test -->
  </suite> <!-- Command line suite -->
</testng-results>
